<?xml version="1.0" encoding="UTF-8"?>
<!-- Generated by org.testng.reporters.JUnitXMLReporter -->
<testsuite hostname="IND-ARLIDW70093" name="Default test" tests="2" failures="0" timestamp="16 Sep 2016 09:59:20 GMT" time="1.861" errors="0">
  <testcase name="@BeforeTest setup" time="0.0" classname="com.poc.driver.DriverScript">
    <failure type="java.lang.ClassCastException" message="org.openqa.selenium.chrome.ChromeDriver cannot be cast to com.neotys.selenium.proxies.NLWebDriver">
      <![CDATA[java.lang.ClassCastException: org.openqa.selenium.chrome.ChromeDriver cannot be cast to com.neotys.selenium.proxies.NLWebDriver
	at com.poc.driver.DriverScript.setup(DriverScript.java:35)
	at sun.reflect.NativeMethodAccessorImpl.invoke0(Native Method)
	at sun.reflect.NativeMethodAccessorImpl.invoke(Unknown Source)
	at sun.reflect.DelegatingMethodAccessorImpl.invoke(Unknown Source)
	at java.lang.reflect.Method.invoke(Unknown Source)
	at org.testng.internal.MethodInvocationHelper.invokeMethod(MethodInvocationHelper.java:84)
	at org.testng.internal.Invoker.invokeConfigurationMethod(Invoker.java:564)
	at org.testng.internal.Invoker.invokeConfigurations(Invoker.java:213)
	at org.testng.internal.Invoker.invokeConfigurations(Invoker.java:138)
	at org.testng.TestRunner.beforeRun(TestRunner.java:641)
	at org.testng.TestRunner.run(TestRunner.java:609)
	at org.testng.SuiteRunner.runTest(SuiteRunner.java:334)
	at org.testng.SuiteRunner.runSequentially(SuiteRunner.java:329)
	at org.testng.SuiteRunner.privateRun(SuiteRunner.java:291)
	at org.testng.SuiteRunner.run(SuiteRunner.java:240)
	at org.testng.SuiteRunnerWorker.runSuite(SuiteRunnerWorker.java:52)
	at org.testng.SuiteRunnerWorker.run(SuiteRunnerWorker.java:86)
	at org.testng.TestNG.runSuitesSequentially(TestNG.java:1224)
	at org.testng.TestNG.runSuitesLocally(TestNG.java:1149)
	at org.testng.TestNG.run(TestNG.java:1057)
	at org.testng.remote.AbstractRemoteTestNG.run(AbstractRemoteTestNG.java:126)
	at org.testng.remote.RemoteTestNG.initAndRun(RemoteTestNG.java:152)
	at org.testng.remote.RemoteTestNG.main(RemoteTestNG.java:57)
]]>
    </failure>
  </testcase> <!-- @BeforeTest setup -->
  <testcase name="@AfterClass tearDown" time="0.0" classname="com.poc.driver.DriverScript">
    <skipped/>
  </testcase> <!-- @AfterClass tearDown -->
  <testcase name="verifyValidLogin" time="0.001" classname="com.poc.driver.DriverScript">
    <skipped/>
  </testcase> <!-- verifyValidLogin -->
  <testcase name="provideReferal" time="0.0" classname="com.poc.driver.DriverScript">
    <skipped/>
  </testcase> <!-- provideReferal -->
</testsuite> <!-- Default test -->
